<?xml version="1.0" encoding="UTF-8"?>
<testsuite name="ru.nsu.fit.g18214.shatalov.CalendarTest" tests="12" skipped="0" failures="0" errors="0" timestamp="2020-01-12T16:11:26" hostname="Main-Desktop" time="0.053">
  <properties/>
  <testcase name="testDateDiff" classname="ru.nsu.fit.g18214.shatalov.CalendarTest" time="0.038"/>
  <testcase name="testWhatDateWillBe" classname="ru.nsu.fit.g18214.shatalov.CalendarTest" time="0.0"/>
  <testcase name="testYearType" classname="ru.nsu.fit.g18214.shatalov.CalendarTest" time="0.001"/>
  <testcase name="testDateDiffDays" classname="ru.nsu.fit.g18214.shatalov.CalendarTest" time="0.009"/>
  <testcase name="testMonthName" classname="ru.nsu.fit.g18214.shatalov.CalendarTest" time="0.0"/>
  <testcase name="testWhatDayWillBe" classname="ru.nsu.fit.g18214.shatalov.CalendarTest" time="0.001"/>
  <testcase name="testWhatDateWillBeWeeks" classname="ru.nsu.fit.g18214.shatalov.CalendarTest" time="0.0"/>
  <testcase name="testWhatYearWillBe" classname="ru.nsu.fit.g18214.shatalov.CalendarTest" time="0.001"/>
  <testcase name="testWhatMonthWillBe" classname="ru.nsu.fit.g18214.shatalov.CalendarTest" time="0.001"/>
  <testcase name="testDayName" classname="ru.nsu.fit.g18214.shatalov.CalendarTest" time="0.0"/>
  <testcase name="testWhatDayWillBeWeeks" classname="ru.nsu.fit.g18214.shatalov.CalendarTest" time="0.0"/>
  <testcase name="testFindNearest" classname="ru.nsu.fit.g18214.shatalov.CalendarTest" time="0.0"/>
  <system-out><![CDATA[]]></system-out>
  <system-err><![CDATA[]]></system-err>
</testsuite>
